<?xml version="1.0" encoding="UTF-8"?>
<!-- Generated by org.testng.reporters.JUnitXMLReporter -->
<testsuite ignored="0" hostname="Doruks-MacBook-Pro.local" failures="0" tests="5" name="Test" time="5.06" errors="0" timestamp="2020-07-02T16:19:36 EET">
  <testcase classname="trendYol.trendYolCase.Bölüm1.MainTest" name="@BeforeMethod initialize" time="0.0">
    <failure type="java.lang.Error" message="Unresolved compilation problem: 
	The constructor LoginPage(WebDriver, WebDriverWait) is undefined
">
      <![CDATA[java.lang.Error: Unresolved compilation problem: 
The constructor LoginPage(WebDriver, WebDriverWait) is undefined

at trendYol.trendYolCase.Bölüm1.MainTest.initialize(MainTest.java:24)
at java.base/java.util.ArrayList.forEach(ArrayList.java:1540)
... Removed 31 stack frames]]>
    </failure>
  </testcase> <!-- @BeforeMethod initialize -->
  <testcase classname="trendYol.trendYolCase.Bölüm1.MainTest" name="@BeforeMethod initialize" time="-1.59369597165E9">
    <skipped/>
  </testcase> <!-- @BeforeMethod initialize -->
  <testcase classname="trendYol.trendYolCase.Bölüm1.MainTest" name="@BeforeMethod initialize" time="-1.593695971657E9">
    <skipped/>
  </testcase> <!-- @BeforeMethod initialize -->
  <testcase classname="trendYol.trendYolCase.Bölüm1.MainTest" name="@BeforeMethod initialize" time="-1.593695971664E9">
    <skipped/>
  </testcase> <!-- @BeforeMethod initialize -->
  <testcase classname="trendYol.trendYolCase.Bölüm1.MainTest" name="@BeforeMethod initialize" time="-1.593695971671E9">
    <skipped/>
  </testcase> <!-- @BeforeMethod initialize -->
  <testcase classname="trendYol.trendYolCase.Bölüm1.ParameterForBrowser" name="@AfterClass tearDown" time="-1.59369597168E9">
    <skipped/>
  </testcase> <!-- @AfterClass tearDown -->
  <testcase classname="trendYol.trendYolCase.Bölüm1.MainTest" name="loginTrendyol" time="0.0">
    <skipped/>
  </testcase> <!-- loginTrendyol -->
  <testcase classname="trendYol.trendYolCase.Bölüm1.MainTest" name="ControlAllTabs" time="0.0">
    <skipped/>
  </testcase> <!-- ControlAllTabs -->
  <testcase classname="trendYol.trendYolCase.Bölüm1.MainTest" name="RandomMenuSelectionAndImageControl" time="0.0">
    <skipped/>
  </testcase> <!-- RandomMenuSelectionAndImageControl -->
  <testcase classname="trendYol.trendYolCase.Bölüm1.MainTest" name="ProductSelection" time="0.0">
    <skipped/>
  </testcase> <!-- ProductSelection -->
  <testcase classname="trendYol.trendYolCase.Bölüm1.MainTest" name="AddingBasket" time="0.0">
    <skipped/>
  </testcase> <!-- AddingBasket -->
</testsuite> <!-- Test -->
